2019-09-13 13:28:15 autoreload.run_with_reloader: Watching for file changes with StatReloader
2019-09-13 13:28:26 autoreload.trigger_reload: /home/brother/Documents/oa/oa/settings.py changed, reloading.
2019-09-13 13:28:27 autoreload.run_with_reloader: Watching for file changes with StatReloader
2019-09-13 13:36:22 autoreload.run_with_reloader: Watching for file changes with StatReloader
2019-09-13 13:36:43 basehttp.log_message: "GET / HTTP/1.1" 200 10179
2019-09-13 13:36:43 basehttp.log_message: "GET /static/debug_toolbar/css/toolbar.css HTTP/1.1" 200 14835
2019-09-13 13:36:43 basehttp.log_message: "GET /static/debug_toolbar/js/toolbar.js HTTP/1.1" 200 13188
2019-09-13 13:36:43 basehttp.log_message: "GET /static/images/hot.png HTTP/1.1" 304 0
2019-09-13 13:36:43 basehttp.log_message: "GET /static/debug_toolbar/css/print.css HTTP/1.1" 200 41
2019-09-13 13:36:43 basehttp.log_message: "GET /static/debug_toolbar/img/ajax-loader.gif HTTP/1.1" 200 404
2019-09-13 13:36:43 basehttp.log_message: "GET /static/debug_toolbar/img/djdt_vertical.png HTTP/1.1" 200 882
2019-09-13 13:37:04 basehttp.log_message: "GET /static/debug_toolbar/img/close.png HTTP/1.1" 200 498
2019-09-13 13:37:04 basehttp.log_message: "GET /static/debug_toolbar/img/indicator.png HTTP/1.1" 200 436
2019-09-13 13:37:04 basehttp.log_message: "GET /__debug__/render_panel/?store_id=0591846bba774aecb89f0cd6f6316a95&panel_id=HeadersPanel HTTP/1.1" 200 2847
2019-09-13 13:37:06 basehttp.log_message: "GET /__debug__/render_panel/?store_id=0591846bba774aecb89f0cd6f6316a95&panel_id=RequestPanel HTTP/1.1" 200 2186
2019-09-13 13:37:07 basehttp.log_message: "GET /__debug__/render_panel/?store_id=0591846bba774aecb89f0cd6f6316a95&panel_id=SQLPanel HTTP/1.1" 200 37882
2019-09-13 13:37:07 basehttp.log_message: "GET /static/debug_toolbar/js/toolbar.sql.js HTTP/1.1" 200 121
2019-09-13 13:37:15 basehttp.log_message: "GET /__debug__/render_panel/?store_id=0591846bba774aecb89f0cd6f6316a95&panel_id=StaticFilesPanel HTTP/1.1" 200 31271
2019-09-13 13:37:18 basehttp.log_message: "GET /__debug__/render_panel/?store_id=0591846bba774aecb89f0cd6f6316a95&panel_id=TemplatesPanel HTTP/1.1" 200 4351
2019-09-13 13:37:22 basehttp.log_message: "GET /__debug__/render_panel/?store_id=0591846bba774aecb89f0cd6f6316a95&panel_id=CachePanel HTTP/1.1" 200 811
2019-09-13 13:37:26 basehttp.log_message: "GET /__debug__/render_panel/?store_id=0591846bba774aecb89f0cd6f6316a95&panel_id=VersionsPanel HTTP/1.1" 200 556
2019-09-13 13:37:27 basehttp.log_message: "GET /__debug__/render_panel/?store_id=0591846bba774aecb89f0cd6f6316a95&panel_id=TimerPanel HTTP/1.1" 200 1303
2019-09-13 13:37:27 basehttp.log_message: "GET /static/debug_toolbar/js/toolbar.timer.js HTTP/1.1" 200 2754
2019-09-13 13:37:34 basehttp.log_message: "GET /__debug__/render_panel/?store_id=0591846bba774aecb89f0cd6f6316a95&panel_id=SettingsPanel HTTP/1.1" 200 24971
2019-09-13 13:38:48 basehttp.log_message: "GET / HTTP/1.1" 200 10179
2019-09-13 13:38:48 basehttp.log_message: "GET /static/debug_toolbar/img/ajax-loader.gif HTTP/1.1" 304 0
2019-09-13 13:38:48 basehttp.log_message: "GET /static/debug_toolbar/css/toolbar.css HTTP/1.1" 304 0
2019-09-13 13:38:48 basehttp.log_message: "GET /static/debug_toolbar/js/toolbar.js HTTP/1.1" 304 0
2019-09-13 13:38:48 basehttp.log_message: "GET /static/debug_toolbar/css/print.css HTTP/1.1" 304 0
2019-09-13 13:38:56 log.log_response: Not Found: /execl
2019-09-13 13:38:56 basehttp.log_message: "GET /execl HTTP/1.1" 404 12567
2019-09-13 13:39:13 basehttp.log_message: "GET /excel HTTP/1.1" 301 0
2019-09-13 13:39:13 basehttp.log_message: "GET /excel/ HTTP/1.1" 200 5632
2019-09-13 13:39:20 basehttp.log_message: "GET /static/debug_toolbar/img/close.png HTTP/1.1" 304 0
2019-09-13 13:39:20 basehttp.log_message: "GET /static/debug_toolbar/img/indicator.png HTTP/1.1" 304 0
2019-09-13 13:39:20 basehttp.log_message: "GET /__debug__/render_panel/?store_id=78e4b9c1d4f349019a5eee349607b0b9&panel_id=SettingsPanel HTTP/1.1" 200 24971
2019-09-13 13:39:22 basehttp.log_message: "GET /__debug__/render_panel/?store_id=78e4b9c1d4f349019a5eee349607b0b9&panel_id=HeadersPanel HTTP/1.1" 200 2837
2019-09-13 13:39:30 basehttp.log_message: "GET /__debug__/render_panel/?store_id=78e4b9c1d4f349019a5eee349607b0b9&panel_id=RequestPanel HTTP/1.1" 200 2456
2019-09-13 13:39:32 basehttp.log_message: "GET /__debug__/render_panel/?store_id=78e4b9c1d4f349019a5eee349607b0b9&panel_id=SQLPanel HTTP/1.1" 200 203
2019-09-13 13:39:32 basehttp.log_message: "GET /static/debug_toolbar/js/toolbar.sql.js HTTP/1.1" 304 0
2019-09-13 13:39:41 basehttp.log_message: "GET /__debug__/render_panel/?store_id=78e4b9c1d4f349019a5eee349607b0b9&panel_id=TemplatesPanel HTTP/1.1" 200 25927
2019-09-13 13:45:56 autoreload.trigger_reload: /home/brother/Documents/oa/vote/views.py changed, reloading.
2019-09-13 13:45:56 autoreload.run_with_reloader: Watching for file changes with StatReloader
2019-09-13 13:46:01 autoreload.trigger_reload: /home/brother/Documents/oa/vote/views.py changed, reloading.
2019-09-13 13:46:02 autoreload.run_with_reloader: Watching for file changes with StatReloader
2019-09-13 13:46:38 log.log_response: Not Found: /execl
2019-09-13 13:46:38 basehttp.log_message: "GET /execl HTTP/1.1" 404 12567
2019-09-13 13:46:38 basehttp.log_message: "GET /static/debug_toolbar/img/ajax-loader.gif HTTP/1.1" 304 0
2019-09-13 13:46:38 basehttp.log_message: "GET /static/debug_toolbar/js/toolbar.js HTTP/1.1" 304 0
2019-09-13 13:46:38 basehttp.log_message: "GET /static/debug_toolbar/css/toolbar.css HTTP/1.1" 304 0
2019-09-13 13:46:39 basehttp.log_message: "GET /static/debug_toolbar/css/print.css HTTP/1.1" 304 0
2019-09-13 13:46:41 log.log_response: Not Found: /execl
2019-09-13 13:46:41 basehttp.log_message: "GET /execl HTTP/1.1" 404 12567
2019-09-13 13:50:00 autoreload.trigger_reload: /home/brother/Documents/oa/vote/views.py changed, reloading.
2019-09-13 13:50:00 autoreload.run_with_reloader: Watching for file changes with StatReloader
2019-09-13 13:50:18 autoreload.trigger_reload: /home/brother/Documents/oa/vote/views.py changed, reloading.
2019-09-13 13:50:19 autoreload.run_with_reloader: Watching for file changes with StatReloader
2019-09-13 13:50:46 autoreload.trigger_reload: /home/brother/Documents/oa/vote/views.py changed, reloading.
2019-09-13 13:50:46 autoreload.run_with_reloader: Watching for file changes with StatReloader
2019-09-13 13:53:32 autoreload.trigger_reload: /home/brother/Documents/oa/vote/views.py changed, reloading.
2019-09-13 13:53:32 autoreload.run_with_reloader: Watching for file changes with StatReloader
2019-09-13 14:29:19 autoreload.trigger_reload: /home/brother/Documents/oa/oa/settings.py changed, reloading.
2019-09-13 14:29:20 autoreload.run_with_reloader: Watching for file changes with StatReloader
2019-09-13 14:29:35 autoreload.trigger_reload: /home/brother/Documents/oa/oa/settings.py changed, reloading.
2019-09-13 14:29:35 autoreload.run_with_reloader: Watching for file changes with StatReloader
2019-09-13 14:48:40 autoreload.run_with_reloader: Watching for file changes with StatReloader
2019-09-13 14:48:56 basehttp.log_message: "GET / HTTP/1.1" 200 180
2019-09-13 14:58:49 autoreload.trigger_reload: /home/brother/Documents/oa/vote/views.py changed, reloading.
2019-09-13 14:58:50 autoreload.run_with_reloader: Watching for file changes with StatReloader
2019-09-13 14:58:57 autoreload.trigger_reload: /home/brother/Documents/oa/vote/views.py changed, reloading.
2019-09-13 14:58:57 autoreload.run_with_reloader: Watching for file changes with StatReloader
2019-09-13 14:59:00 autoreload.trigger_reload: /home/brother/Documents/oa/vote/views.py changed, reloading.
2019-09-13 14:59:01 autoreload.run_with_reloader: Watching for file changes with StatReloader
2019-09-13 15:00:11 autoreload.trigger_reload: /home/brother/Documents/oa/vote/views.py changed, reloading.
2019-09-13 15:00:11 autoreload.run_with_reloader: Watching for file changes with StatReloader
2019-09-13 15:00:27 autoreload.trigger_reload: /home/brother/Documents/oa/vote/views.py changed, reloading.
2019-09-13 15:00:27 autoreload.run_with_reloader: Watching for file changes with StatReloader
2019-09-13 15:00:38 log.log_response: Internal Server Error: /
Traceback (most recent call last):
  File "/home/brother/Documents/oa/venv/lib/python3.5/site-packages/django/core/handlers/exception.py", line 34, in inner
    response = get_response(request)
  File "/home/brother/Documents/oa/venv/lib/python3.5/site-packages/django/core/handlers/base.py", line 115, in _get_response
    response = self.process_exception_by_middleware(e, request)
  File "/home/brother/Documents/oa/venv/lib/python3.5/site-packages/django/core/handlers/base.py", line 113, in _get_response
    response = wrapped_callback(request, *callback_args, **callback_kwargs)
  File "/home/brother/Documents/oa/vote/views.py", line 34, in show_subjects
    subjects.append(SubjectMapper(subjects).as_dict())
AttributeError: 'Subject' object has no attribute 'append'
2019-09-13 15:00:39 basehttp.log_message: "GET / HTTP/1.1" 500 84419
2019-09-13 15:00:39 basehttp.log_message: "GET /static/debug_toolbar/img/ajax-loader.gif HTTP/1.1" 304 0
2019-09-13 15:00:39 basehttp.log_message: "GET /static/debug_toolbar/css/toolbar.css HTTP/1.1" 304 0
2019-09-13 15:00:39 basehttp.log_message: "GET /static/debug_toolbar/js/toolbar.js HTTP/1.1" 304 0
2019-09-13 15:00:39 basehttp.log_message: "GET /static/debug_toolbar/css/print.css HTTP/1.1" 304 0
2019-09-13 15:01:01 autoreload.trigger_reload: /home/brother/Documents/oa/vote/views.py changed, reloading.
2019-09-13 15:01:01 autoreload.run_with_reloader: Watching for file changes with StatReloader
2019-09-13 15:01:12 autoreload.trigger_reload: /home/brother/Documents/oa/vote/views.py changed, reloading.
2019-09-13 15:01:13 autoreload.run_with_reloader: Watching for file changes with StatReloader
2019-09-13 15:01:24 basehttp.log_message: "GET / HTTP/1.1" 200 240
2019-09-13 15:02:38 autoreload.trigger_reload: /home/brother/Documents/oa/vote/views.py changed, reloading.
2019-09-13 15:02:39 autoreload.run_with_reloader: Watching for file changes with StatReloader
2019-09-13 15:02:45 basehttp.log_message: "GET / HTTP/1.1" 200 240
2019-09-13 15:10:13 autoreload.trigger_reload: /home/brother/Documents/oa/venv/lib/python3.5/site-packages/django/http/response.py changed, reloading.
2019-09-13 15:10:35 autoreload.run_with_reloader: Watching for file changes with StatReloader
2019-09-13 15:10:49 log.log_response: Internal Server Error: /
Traceback (most recent call last):
  File "/home/brother/Documents/oa/venv/lib/python3.5/site-packages/django/core/handlers/exception.py", line 34, in inner
    response = get_response(request)
  File "/home/brother/Documents/oa/venv/lib/python3.5/site-packages/django/core/handlers/base.py", line 115, in _get_response
    response = self.process_exception_by_middleware(e, request)
  File "/home/brother/Documents/oa/venv/lib/python3.5/site-packages/django/core/handlers/base.py", line 113, in _get_response
    response = wrapped_callback(request, *callback_args, **callback_kwargs)
  File "/home/brother/Documents/oa/vote/views.py", line 38, in show_subjects
    return JsonResponse(subjects, safe=False)
  File "/home/brother/Documents/oa/venv/lib/python3.5/site-packages/django/http/response.py", line 558, in __init__
    data = json.dumps(data, cls=encoder, json_dumps_params={'ensure_ascii':False})
  File "/usr/lib/python3.5/json/__init__.py", line 237, in dumps
    **kw).encode(obj)
TypeError: __init__() got an unexpected keyword argument 'json_dumps_params'
2019-09-13 15:10:49 basehttp.log_message: "GET / HTTP/1.1" 500 95592
2019-09-13 15:10:49 basehttp.log_message: "GET /static/debug_toolbar/img/ajax-loader.gif HTTP/1.1" 304 0
2019-09-13 15:10:49 basehttp.log_message: "GET /static/debug_toolbar/css/toolbar.css HTTP/1.1" 304 0
2019-09-13 15:10:49 basehttp.log_message: "GET /static/debug_toolbar/js/toolbar.js HTTP/1.1" 304 0
2019-09-13 15:10:49 basehttp.log_message: "GET /static/debug_toolbar/css/print.css HTTP/1.1" 304 0
2019-09-13 15:11:27 autoreload.trigger_reload: /home/brother/Documents/oa/venv/lib/python3.5/site-packages/django/http/response.py changed, reloading.
2019-09-13 15:11:28 autoreload.run_with_reloader: Watching for file changes with StatReloader
2019-09-13 15:12:36 autoreload.trigger_reload: /home/brother/Documents/oa/venv/lib/python3.5/site-packages/django/http/response.py changed, reloading.
2019-09-13 15:12:36 autoreload.run_with_reloader: Watching for file changes with StatReloader
2019-09-13 15:12:44 basehttp.log_message: "GET / HTTP/1.1" 200 201
2019-09-13 15:15:45 autoreload.trigger_reload: /home/brother/Documents/oa/vote/mapper.py changed, reloading.
2019-09-13 15:15:46 autoreload.run_with_reloader: Watching for file changes with StatReloader
2019-09-13 15:15:51 basehttp.log_message: "GET / HTTP/1.1" 200 8
2019-09-13 15:16:00 autoreload.trigger_reload: /home/brother/Documents/oa/vote/mapper.py changed, reloading.
2019-09-13 15:16:01 autoreload.run_with_reloader: Watching for file changes with StatReloader
2019-09-13 15:16:02 basehttp.log_message: "GET / HTTP/1.1" 200 201
2019-09-13 15:16:03 basehttp.log_message: "GET / HTTP/1.1" 200 201
2019-09-13 15:18:13 autoreload.trigger_reload: /home/brother/Documents/oa/venv/lib/python3.5/site-packages/django/http/response.py changed, reloading.
2019-09-13 15:18:13 autoreload.run_with_reloader: Watching for file changes with StatReloader
2019-09-13 15:18:21 autoreload.trigger_reload: /home/brother/Documents/oa/venv/lib/python3.5/site-packages/django/http/response.py changed, reloading.
2019-09-13 15:18:22 autoreload.run_with_reloader: Watching for file changes with StatReloader
2019-09-13 15:18:33 basehttp.log_message: "GET / HTTP/1.1" 200 201
2019-09-13 15:18:36 autoreload.trigger_reload: /home/brother/Documents/oa/venv/lib/python3.5/site-packages/django/http/response.py changed, reloading.
2019-09-13 15:18:36 autoreload.run_with_reloader: Watching for file changes with StatReloader
2019-09-13 15:27:02 basehttp.log_message: "GET / HTTP/1.1" 200 201
2019-09-13 15:29:26 basehttp.log_message: "GET / HTTP/1.1" 200 201
2019-09-13 15:29:31 basehttp.log_message: "GET / HTTP/1.1" 200 201
2019-09-13 15:32:28 autoreload.trigger_reload: /home/brother/Documents/oa/oa/settings.py changed, reloading.
2019-09-13 15:32:29 autoreload.run_with_reloader: Watching for file changes with StatReloader
2019-09-13 15:33:01 autoreload.trigger_reload: /home/brother/Documents/oa/oa/settings.py changed, reloading.
2019-09-13 15:33:02 autoreload.run_with_reloader: Watching for file changes with StatReloader
2019-09-13 15:33:06 autoreload.trigger_reload: /home/brother/Documents/oa/oa/settings.py changed, reloading.
2019-09-13 15:33:07 autoreload.run_with_reloader: Watching for file changes with StatReloader
2019-09-13 15:33:31 autoreload.trigger_reload: /home/brother/Documents/oa/oa/settings.py changed, reloading.
2019-09-13 15:33:32 autoreload.run_with_reloader: Watching for file changes with StatReloader
2019-09-13 15:33:43 basehttp.log_message: "GET / HTTP/1.1" 200 201
2019-09-13 15:34:10 basehttp.log_message: "GET / HTTP/1.1" 200 201
2019-09-13 15:34:19 basehttp.log_message: "GET / HTTP/1.1" 200 201
2019-09-13 15:37:49 basehttp.log_message: "GET / HTTP/1.1" 200 201
